🔧 Server Configuration: {
  port: 3000,
  host: '0.0.0.0',
  ip: '10.10.13.97',
  database: 'mongodb://localhost:27017/krishivedha',
  environment: 'development',
  features: [
    'enableWeather',
    'enableCommunity',
    'enableAnalytics',
    'enableNotifications'
  ]
}
[AUTH] Initializing test users...
node:events:485
      throw er; // Unhandled 'error' event
      ^

Error: listen EADDRINUSE: address already in use 0.0.0.0:3000
    at Server.setupListenHandle [as _listen2] (node:net:1940:16)
    at listenInCluster (node:net:1997:12)
    at node:net:2206:7
    at process.processTicksAndRejections (node:internal/process/task_queues:90:21)
Emitted 'error' event on Server instance at:
    at emitErrorNT (node:net:1976:8)
    at process.processTicksAndRejections (node:internal/process/task_queues:90:21) {
  code: 'EADDRINUSE',
  errno: -48,
  syscall: 'listen',
  address: '0.0.0.0',
  port: 3000
}

Node.js v24.5.0
